[00:22:18] [INIT] KubeJS 2001.6.5-build.16; MC 2001 forge
[00:22:18] [INIT] Loaded plugins:
[00:22:18] [INIT] - dev.latvian.mods.kubejs.forge.BuiltinKubeJSForgePlugin
[00:22:18] [INIT] - dev.latvian.mods.kubejs.forge.BuiltinKubeJSForgeClientPlugin
[00:22:18] [INIT] - dev.latvian.mods.kubejs.integration.forge.gamestages.GameStagesIntegration
[00:22:18] [INIT] - com.squoshi.irons_spells_js.IronsSpellsJSPlugin
[00:22:18] [INIT] - com.sunekaer.sdrp.integration.kubejs.SDRPKubeJSIntegration
[00:22:18] [INIT] - dev.latvian.mods.kubejs.create.KubeJSCreatePlugin
[00:22:18] [INIT] - com.almostreliable.lootjs.kube.LootJSPlugin
[00:22:18] [INIT] - com.probejs.ProbeJSPlugin
[00:22:18] [INFO] Loaded script server_scripts:recipe.js in 0.006 s
[00:22:18] [INFO] Loaded 1/1 KubeJS server scripts in 0.017 s with 0 errors and 0 warnings
[00:22:18] [INFO] Scripts loaded
[00:22:18] [INFO] Initializing recipe event...
[00:22:27] [INFO] Processing recipes...
[00:22:27] [WARN] Failed to parse recipe 'deeperdarker:resonarium_pickaxe_smithing[minecraft:smithing_transform]'! Falling back to vanilla: Ingredient 'template' can't be empty!
[00:22:27] [WARN] Failed to parse recipe 'deeperdarker:resonarium_hoe_smithing[minecraft:smithing_transform]'! Falling back to vanilla: Ingredient 'template' can't be empty!
[00:22:27] [WARN] Failed to parse recipe 'deeperdarker:resonarium_leggings_smithing[minecraft:smithing_transform]'! Falling back to vanilla: Ingredient 'template' can't be empty!
[00:22:27] [WARN] Failed to parse recipe 'deeperdarker:resonarium_sword_smithing[minecraft:smithing_transform]'! Falling back to vanilla: Ingredient 'template' can't be empty!
[00:22:27] [WARN] Failed to parse recipe 'deeperdarker:resonarium_helmet_smithing[minecraft:smithing_transform]'! Falling back to vanilla: Ingredient 'template' can't be empty!
[00:22:27] [WARN] Failed to parse recipe 'biomesoplentydelight:cooking/cooked_spider_egg_from_smoking[minecraft:smoking]'! Falling back to vanilla: Ingredient 'ingredient' can't be empty!
[00:22:27] [WARN] Failed to parse recipe 'deeperdarker:resonarium_chestplate_smithing[minecraft:smithing_transform]'! Falling back to vanilla: Ingredient 'template' can't be empty!
[00:22:27] [WARN] Failed to parse recipe 'deeperdarker:resonarium_shovel_smithing[minecraft:smithing_transform]'! Falling back to vanilla: Ingredient 'template' can't be empty!
[00:22:27] [WARN] Failed to parse recipe 'deeperdarker:resonarium_axe_smithing[minecraft:smithing_transform]'! Falling back to vanilla: Ingredient 'template' can't be empty!
[00:22:27] [WARN] Failed to parse recipe 'deeperdarker:resonarium_boots_smithing[minecraft:smithing_transform]'! Falling back to vanilla: Ingredient 'template' can't be empty!
[00:22:27] [INFO] Found 6476 recipes in 122.7 ms
[00:22:27] [INFO] Posted recipe events in 4.180 ms
[00:22:27] [WARN] Error parsing recipe biomesoplentydelight:spider_noodle_soup[farmersdelight:cooking]: {"type":"farmersdelight:cooking","cookingtime":200,"experience":1.0,"ingredients":[{"item":"biomesoplenty:cooked_spider_egg"},{"item":"minecraft:carrot"},{"item":"minecraft:potato"},{"tag":"forge:raw_pork"}],"recipe_book_tab":"meals","result":{"item":"biomesoplentydelight:spider_noodle_soup"}}: Unknown item 'biomesoplenty:cooked_spider_egg'
[00:22:27] [WARN] Error parsing recipe biomesoplentydelight:cooking/cooked_spider_egg_from_smoking[minecraft:smoking]: {"type":"minecraft:smoking","category":"food","cookingtime":100,"experience":0.35,"ingredient":{"item":"biomesoplenty:spider_eggramble"},"result":"biomesoplentydelight:cooked_spider_egg"}: Unknown item 'biomesoplenty:spider_eggramble'
[00:22:27] [INFO] Added 1 recipes, removed 0 recipes, modified 2 recipes, with 2 failed recipes in 69.58 ms
[00:22:29] [INFO] Server resource reload complete!
